0 info it worked if it ends with ok
1 verbose cli [ 'C:\\Program Files\\nodejs\\node.exe',
1 verbose cli   'C:\\Program Files\\nodejs\\node_modules\\npm\\bin\\npm-cli.js',
1 verbose cli   'version',
1 verbose cli   'patch' ]
2 info using npm@1.2.15
3 info using node@v0.10.1
4 silly exec git "status" "--porcelain"
5 silly git,status,--porcelain, spawning
6 error Error: Git working directory not clean.
6 error M src/ajax.js
6 error M src/dom.js
6 error M src/forms.js
6 error M src/socket.js
6 error     at C:\Program Files\nodejs\node_modules\npm\lib\version.js:82:33
6 error     at C:\Program Files\nodejs\node_modules\npm\node_modules\once\once.js:17:15
6 error     at ChildProcess.<anonymous> (C:\Program Files\nodejs\node_modules\npm\lib\utils\exec.js:64:5)
6 error     at ChildProcess.EventEmitter.emit (events.js:98:17)
6 error     at maybeClose (child_process.js:700:16)
6 error     at Process.ChildProcess._handle.onexit (child_process.js:767:5)
7 error If you need help, you may report this log at:
7 error     <http://github.com/isaacs/npm/issues>
7 error or email it to:
7 error     <npm-@googlegroups.com>
8 error System Windows_NT 6.1.7600
9 error command "C:\\Program Files\\nodejs\\node.exe" "C:\\Program Files\\nodejs\\node_modules\\npm\\bin\\npm-cli.js" "version" "patch"
10 error cwd C:\node_modules\jymin
11 error node -v v0.10.1
12 error npm -v 1.2.15
13 verbose exit [ 1, true ]
